<?xml version="1.0" encoding="UTF-8"?>
<Site BuildName="(empty)"
	BuildStamp="20240316-1341-Experimental"
	Name="moji"
	Generator="ctest-3.10.2"
	CompilerName="/usr/bin/g++"
	CompilerVersion="7.5.0"
	OSName="Linux"
	Hostname="moji"
	OSRelease="5.4.0-150-generic"
	OSVersion="#167~18.04.1-Ubuntu SMP Wed May 24 00:51:42 UTC 2023"
	OSPlatform="x86_64"
	Is64Bits="1"
	VendorString="AuthenticAMD"
	VendorID="Advanced Micro Devices"
	FamilyID="25"
	ModelID="33"
	ProcessorCacheSize="512"
	NumberOfLogicalCPU="16"
	NumberOfPhysicalCPU="8"
	TotalVirtualMemory="2047"
	TotalPhysicalMemory="15928"
	LogicalProcessorsPerPhysical="2"
	ProcessorClockFrequency="2656.75"
	>
	<Testing>
		<StartDateTime>Mar 16 10:37 EDT</StartDateTime>
		<StartTestTime>1710599870</StartTestTime>
		<TestList/>
		<EndDateTime>Mar 16 10:37 EDT</EndDateTime>
		<EndTestTime>1710599870</EndTestTime>
		<ElapsedMinutes>0</ElapsedMinutes>
	</Testing>
</Site>
